<?xml version="1.0" encoding="UTF-8"?>
<!-- Generated by org.testng.reporters.JUnitReportReporter -->
<testsuite hostname="Deepak" failures="0" tests="3" name="utils.ExcelDataProvider" time="14.997" errors="0" timestamp="2021-01-08T00:23:07 IST" skipped="0">
  <testcase classname="utils.ExcelDataProvider" name="test1" time="3.164"/>
  <system-out/>
  <testcase classname="utils.ExcelDataProvider" name="test1" time="8.544"/>
  <system-out/>
  <testcase classname="utils.ExcelDataProvider" name="test1" time="3.289"/>
  <system-out/>
</testsuite> <!-- utils.ExcelDataProvider -->
