<?xml version="1.0" encoding="UTF-8"?>
<!-- Generated by org.testng.reporters.JUnitReportReporter -->
<testsuite hostname="Deepak" failures="0" tests="1" name="test.TestNG_Demo2" time="8.276" errors="0" timestamp="2021-01-07T12:27:50 IST" skipped="0">
  <testcase classname="test.TestNG_Demo2" name="GoogleSearch3" time="8.276"/>
  <system-out/>
</testsuite> <!-- test.TestNG_Demo2 -->
