<?xml version="1.0" encoding="UTF-8"?>
<!-- Generated by org.testng.reporters.JUnitReportReporter -->
<testsuite hostname="Deepak" failures="0" tests="1" name="test.TestNG_Demo" time="6.960" errors="0" timestamp="2021-01-07T18:04:23 IST" skipped="0">
  <testcase classname="test.TestNG_Demo" name="GoogleSearch" time="6.960"/>
  <system-out/>
</testsuite> <!-- test.TestNG_Demo -->
