<?xml version="1.0" encoding="UTF-8"?>
<!-- Generated by org.testng.reporters.JUnitReportReporter -->
<testsuite hostname="Deepak" failures="0" tests="2" name="test.ExtentReportsDemoWithTestNG" time="1.757" errors="0" timestamp="2021-01-07T14:13:34 IST" skipped="0">
  <testcase classname="test.ExtentReportsDemoWithTestNG" name="test1" time="1.753"/>
  <system-out/>
  <testcase classname="test.ExtentReportsDemoWithTestNG" name="test2" time="0.004"/>
  <system-out/>
</testsuite> <!-- test.ExtentReportsDemoWithTestNG -->
